Arguments: 
  C:\Program Files\nodejs\node.exe C:\Users\r4bb1t\AppData\Roaming\npm\node_modules\yarn\bin\yarn.js add daisyui

PATH: 
  C:\Program Files\Oculus\Support\oculus-runtime;C:\Program Files (x86)\VMware\VMware Player\bin\;C:\Program Files\Common Files\Oracle\Java\javapath;C:\Python39\Scripts\;C:\Python39\;C:\Windows\system32;C:\Windows;C:\Windows\System32\Wbem;C:\Windows\System32\WindowsPowerShell\v1.0\;C:\Windows\System32\OpenSSH\;C:\ProgramData\chocolatey\bin;C:\Program Files\Git\cmd;C:\src\flutter\bin;C:\Program Files\Java\jdk-16.0.1\bin;C:\Users\r4bb1t\AppData\Local\Programs\Microsoft VS Code\bin;C:\Program Files\GitHub CLI\;C:\Users\r4bb1t\AppData\Local\Programs\Python\Python310;C:\Users\r4bb1t\AppData\Local\Programs\Python\Python310\Lib;C:\Users\r4bb1t\AppData\Local\Programs\Python\Python310\DLLs;C:\Users\r4bb1t\anaconda3;C:\Users\r4bb1t\anaconda3\Library;C:\Users\r4bb1t\anaconda3\Scripts;C:\Users\r4bb1t\Downloads\emsdk;C:\Program Files (x86)\MinGW\bin;C:\Program Files (x86)\Swig;C:\Users\r4bb1t\AppData\Roaming\nvm;C:\Program Files\nodejs;C:\r4bb1t\programming\flutter\platform-tools;C:\Program Files\PostgreSQL\14\bin;C:\Program Files\dotnet\;;C:\Program Files\Docker\Docker\resources\bin;C:\Program Files\Go\bin;C:\Program Files\MySQL\MySQL Shell 8.0\bin\;C:\Users\r4bb1t\AppData\Local\Microsoft\WindowsApps;C:\Users\r4bb1t\AppData\Local\Programs\Microsoft VS Code\bin;C:\Users\r4bb1t\AppData\Roaming\npm;C:\tools\dart-sdk\bin;C:\Users\r4bb1t\AppData\Roaming\Pub\Cache\bin;C:\Program Files\Bandizip\;C:\Program Files\heroku\bin;C:\Users\r4bb1t\AppData\Roaming\nvm;C:\Program Files\nodejs;C:\Users\r4bb1t\.dotnet\tools;C:\Users\r4bb1t\AppData\Local\Programs\oh-my-posh\bin;C:\tools\neovim\nvim-win64\bin;C:\Program Files\nvim\bin;C:\Users\r4bb1t\go\bin;C:\intelFPGA\18.1\modelsim_ase\win32aloem;C:\Program Files (x86)\BrowserStackLocal\

Yarn version: 
  1.22.18

Node version: 
  16.16.0

Platform: 
  win32 x64

Trace: 
  Error: EPERM: operation not permitted, unlink 'C:\r4bb1t\programming\web\mocur\node_modules\@next\swc-win32-x64-msvc\next-swc.win32-x64-msvc.node'

npm manifest: 
  {
    "name": "mocur",
    "version": "0.1.0",
    "private": true,
    "scripts": {
      "dev": "next dev",
      "build": "next build",
      "start": "next start",
      "lint": "next lint"
    },
    "dependencies": {
      "@types/node": "20.1.3",
      "@types/react": "18.2.6",
      "@types/react-dom": "18.2.4",
      "autoprefixer": "10.4.14",
      "eslint": "8.40.0",
      "eslint-config-next": "13.4.2",
      "next": "13.4.2",
      "postcss": "8.4.23",
      "react": "18.2.0",
      "react-dom": "18.2.0",
      "tailwindcss": "3.3.2",
      "typescript": "5.0.4"
    }
  }

yarn manifest: 
  No manifest

Lockfile: 
  No lockfile
